\BOOKMARK [1][-]{section.1}{Introduction}{}% 1
\BOOKMARK [1][-]{section.2}{Title page}{}% 2
\BOOKMARK [2][-]{subsection.2.1}{Manuscript title}{section.2}% 3
\BOOKMARK [2][-]{subsection.2.2}{Authors' names and affiliations}{section.2}% 4
\BOOKMARK [2][-]{subsection.2.3}{Abstract and keywords}{section.2}% 5
\BOOKMARK [2][-]{subsection.2.4}{Header of the title page}{section.2}% 6
\BOOKMARK [1][-]{section.3}{Headers}{}% 7
\BOOKMARK [1][-]{section.4}{Sections}{}% 8
\BOOKMARK [2][-]{subsection.4.1}{Secondary heading}{section.4}% 9
\BOOKMARK [3][-]{subsubsection.4.1.1}{Tertiary heading}{subsection.4.1}% 10
\BOOKMARK [1][-]{section.5}{Floating material}{}% 11
\BOOKMARK [2][-]{subsection.5.1}{Figures}{section.5}% 12
\BOOKMARK [2][-]{subsection.5.2}{Tables}{section.5}% 13
\BOOKMARK [1][-]{section.6}{Graphics}{}% 14
\BOOKMARK [1][-]{section.7}{Equations}{}% 15
\BOOKMARK [1][-]{section.8}{Theorems and other environments}{}% 16
\BOOKMARK [2][-]{subsection.8.1}{Theorems, corollaries, propositions and lemmas}{section.8}% 17
\BOOKMARK [2][-]{subsection.8.2}{Proof environment}{section.8}% 18
\BOOKMARK [2][-]{subsection.8.3}{Example environment}{section.8}% 19
\BOOKMARK [2][-]{subsection.8.4}{Definitions, problems, remarks and others}{section.8}% 20
\BOOKMARK [1][-]{section.9}{Algorithms}{}% 21
\BOOKMARK [1][-]{section.10}{Acknowledgments}{}% 22
\BOOKMARK [1][-]{section.11}{References}{}% 23
\BOOKMARK [1][-]{section.12}{Biographies}{}% 24
\BOOKMARK [1][-]{section.13}{Appendices}{}% 25
\BOOKMARK [1][-]{section.14}{Paper notices}{}% 26
\BOOKMARK [1][-]{section.1}{Section name}{}% 27
\BOOKMARK [2][-]{subsection.1.1}{Subsection name}{section.1}% 28
